<?xml version="1.0" encoding="UTF-8"?>
<!-- Generated by org.testng.reporters.JUnitReportReporter -->
<testsuite skipped="0" hostname="admin-PC" name="browsing.Flipkat" tests="1" failures="0" timestamp="14 Sep 2017 14:35:53 GMT" time="15.188" errors="1">
  <testcase name="f" time="15.188" classname="browsing.Flipkat">
    <error type="org.openqa.selenium.WebDriverException" message="Element &lt;a href=&quot;/joven-printed-men-s-boxer/p/itmehy4ygzyu8dhh?pid=BXREHY5YGTRHSGVZ&amp;amp;srno=s_1_11&amp;amp;otracker=search&amp;amp;lid=LSTBXREHY5YGTRHSGVZDPQD1O&amp;amp;fm=SEARCH&amp;amp;iid=1d859b00-9f8c-4658-be7b-2bc2b0b748b6.BXREHY5YGTRHSGVZ.SEARCH&amp;amp;qH=0aac16330f9a9076&quot; title=&quot;&quot; class=&quot;_2cLu-l&quot;&gt;Joven Printed Men&#039;s Boxer&lt;/a&gt; is not clickable at point (931, 14.5). Other element would receive the click: &lt;a href=&quot;/helpcentre&quot; class=&quot;_2k0gmP&quot;&gt;&lt;/a&gt;
Command duration or timeout: 771 milliseconds
Build info: version: &#039;unknown&#039;, revision: &#039;1969d75&#039;, time: &#039;2016-10-18 09:43:45 -0700&#039;
System info: host: &#039;admin-PC&#039;, ip: &#039;192.168.1.103&#039;, os.name: &#039;Windows 7&#039;, os.arch: &#039;x86&#039;, os.version: &#039;6.1&#039;, java.version: &#039;1.8.0_31&#039;
Driver info: org.openqa.selenium.firefox.FirefoxDriver
Capabilities [{applicationCacheEnabled=true, rotatable=false, handlesAlerts=true, databaseEnabled=true, version=44.0, platform=WINDOWS, nativeEvents=false, acceptSslCerts=true, webStorageEnabled=true, locationContextEnabled=true, browserName=firefox, takesScreenshot=true, javascriptEnabled=true, cssSelectorsEnabled=true}]
Session ID: 054356e8-dd04-4b52-a629-aad75185004d">
      <![CDATA[org.openqa.selenium.WebDriverException: Element <a href="/joven-printed-men-s-boxer/p/itmehy4ygzyu8dhh?pid=BXREHY5YGTRHSGVZ&amp;srno=s_1_11&amp;otracker=search&amp;lid=LSTBXREHY5YGTRHSGVZDPQD1O&amp;fm=SEARCH&amp;iid=1d859b00-9f8c-4658-be7b-2bc2b0b748b6.BXREHY5YGTRHSGVZ.SEARCH&amp;qH=0aac16330f9a9076" title="" class="_2cLu-l">Joven Printed Men's Boxer</a> is not clickable at point (931, 14.5). Other element would receive the click: <a href="/helpcentre" class="_2k0gmP"></a>
Command duration or timeout: 771 milliseconds
Build info: version: 'unknown', revision: '1969d75', time: '2016-10-18 09:43:45 -0700'
System info: host: 'admin-PC', ip: '192.168.1.103', os.name: 'Windows 7', os.arch: 'x86', os.version: '6.1', java.version: '1.8.0_31'
Driver info: org.openqa.selenium.firefox.FirefoxDriver
Capabilities [{applicationCacheEnabled=true, rotatable=false, handlesAlerts=true, databaseEnabled=true, version=44.0, platform=WINDOWS, nativeEvents=false, acceptSslCerts=true, webStorageEnabled=true, locationContextEnabled=true, browserName=firefox, takesScreenshot=true, javascriptEnabled=true, cssSelectorsEnabled=true}]
Session ID: 054356e8-dd04-4b52-a629-aad75185004d
	at sun.reflect.NativeConstructorAccessorImpl.newInstance0(Native Method)
	at sun.reflect.NativeConstructorAccessorImpl.newInstance(NativeConstructorAccessorImpl.java:62)
	at sun.reflect.DelegatingConstructorAccessorImpl.newInstance(DelegatingConstructorAccessorImpl.java:45)
	at java.lang.reflect.Constructor.newInstance(Constructor.java:408)
	at org.openqa.selenium.remote.ErrorHandler.createThrowable(ErrorHandler.java:216)
	at org.openqa.selenium.remote.ErrorHandler.throwIfResponseFailed(ErrorHandler.java:168)
	at org.openqa.selenium.remote.RemoteWebDriver.execute(RemoteWebDriver.java:635)
	at org.openqa.selenium.remote.RemoteWebElement.execute(RemoteWebElement.java:274)
	at org.openqa.selenium.remote.RemoteWebElement.click(RemoteWebElement.java:84)
	at browsing.Flipkat.f(Flipkat.java:66)
	at sun.reflect.NativeMethodAccessorImpl.invoke0(Native Method)
	at sun.reflect.NativeMethodAccessorImpl.invoke(NativeMethodAccessorImpl.java:62)
	at sun.reflect.DelegatingMethodAccessorImpl.invoke(DelegatingMethodAccessorImpl.java:43)
	at java.lang.reflect.Method.invoke(Method.java:483)
	at org.testng.internal.MethodInvocationHelper.invokeMethod(MethodInvocationHelper.java:108)
	at org.testng.internal.Invoker.invokeMethod(Invoker.java:661)
	at org.testng.internal.Invoker.invokeTestMethod(Invoker.java:869)
	at org.testng.internal.Invoker.invokeTestMethods(Invoker.java:1193)
	at org.testng.internal.TestMethodWorker.invokeTestMethods(TestMethodWorker.java:126)
	at org.testng.internal.TestMethodWorker.run(TestMethodWorker.java:109)
	at org.testng.TestRunner.privateRun(TestRunner.java:744)
	at org.testng.TestRunner.run(TestRunner.java:602)
	at org.testng.SuiteRunner.runTest(SuiteRunner.java:380)
	at org.testng.SuiteRunner.runSequentially(SuiteRunner.java:375)
	at org.testng.SuiteRunner.privateRun(SuiteRunner.java:340)
	at org.testng.SuiteRunner.run(SuiteRunner.java:289)
	at org.testng.SuiteRunnerWorker.runSuite(SuiteRunnerWorker.java:52)
	at org.testng.SuiteRunnerWorker.run(SuiteRunnerWorker.java:86)
	at org.testng.TestNG.runSuitesSequentially(TestNG.java:1301)
	at org.testng.TestNG.runSuitesLocally(TestNG.java:1226)
	at org.testng.TestNG.runSuites(TestNG.java:1144)
	at org.testng.TestNG.run(TestNG.java:1115)
	at org.testng.remote.AbstractRemoteTestNG.run(AbstractRemoteTestNG.java:132)
	at org.testng.remote.RemoteTestNG.initAndRun(RemoteTestNG.java:230)
	at org.testng.remote.RemoteTestNG.main(RemoteTestNG.java:76)
]]>
    </error>
  </testcase> <!-- f -->
</testsuite> <!-- browsing.Flipkat -->
